[debug] [2020-09-26T17:59:13.112Z] ----------------------------------------------------------------------
[debug] [2020-09-26T17:59:13.114Z] Command:       C:\Program Files\nodejs\node.exe C:\Users\chris\AppData\Roaming\npm\node_modules\firebase-tools\lib\bin\firebase.js emulators:start
[debug] [2020-09-26T17:59:13.115Z] CLI Version:   8.11.0
[debug] [2020-09-26T17:59:13.115Z] Platform:      win32
[debug] [2020-09-26T17:59:13.115Z] Node Version:  v12.16.1
[debug] [2020-09-26T17:59:13.116Z] Time:          Sat Sep 26 2020 13:59:13 GMT-0400 (Eastern Daylight Time)
[debug] [2020-09-26T17:59:13.117Z] ----------------------------------------------------------------------
[debug] [2020-09-26T17:59:13.117Z] 
[debug] [2020-09-26T17:59:13.127Z] > command requires scopes: ["email","openid","https://www.googleapis.com/auth/cloudplatformprojects.readonly","https://www.googleapis.com/auth/firebase","https://www.googleapis.com/auth/cloud-platform"]
[debug] [2020-09-26T17:59:13.127Z] > authorizing via signed-in user
[info] i  emulators: Starting emulators: functions, firestore {"metadata":{"emulator":{"name":"hub"},"message":"Starting emulators: functions, firestore"}}
[debug] [2020-09-26T17:59:15.150Z] [hub] writing locator at C:\Users\chris\AppData\Local\Temp\hub-mask-required.json
[warn] !  functions: The following emulators are not running, calls to these services from the Functions emulator will affect production: auth, database, hosting, pubsub {"metadata":{"emulator":{"name":"functions"},"message":"The following emulators are not running, calls to these services from the Functions emulator will affect production: \u001b[1mauth, database, hosting, pubsub\u001b[22m"}}
[warn] !  Your requested "node" version "10" doesn't match your global version "12" {"metadata":{"emulator":{"name":"functions"},"message":"Your requested \"node\" version \"10\" doesn't match your global version \"12\""}}
[debug] [2020-09-26T17:59:17.201Z] defaultcredentials: writing to file C:\Users\chris\AppData\Roaming\firebase\christopherritter_gmail_com_application_default_credentials.json
[debug] [2020-09-26T17:59:17.205Z] Setting GAC to C:\Users\chris\AppData\Roaming\firebase\christopherritter_gmail_com_application_default_credentials.json {"metadata":{"emulator":{"name":"functions"},"message":"Setting GAC to C:\\Users\\chris\\AppData\\Roaming\\firebase\\christopherritter_gmail_com_application_default_credentials.json"}}
[debug] [2020-09-26T17:59:19.216Z] Ignoring unsupported arg: projectId {"metadata":{"emulator":{"name":"firestore"},"message":"Ignoring unsupported arg: projectId"}}
[debug] [2020-09-26T17:59:19.217Z] Ignoring unsupported arg: auto_download {"metadata":{"emulator":{"name":"firestore"},"message":"Ignoring unsupported arg: auto_download"}}
[debug] [2020-09-26T17:59:19.217Z] Starting Firestore Emulator with command {"binary":"java","args":["-Duser.language=en","-jar","C:\\Users\\chris\\.cache\\firebase\\emulators\\cloud-firestore-emulator-v1.11.7.jar","--host","localhost","--port",8080,"--rules","D:\\Projects\\MaskRequired\\Source\\mask-required\\firestore.rules","--functions_emulator","localhost:5001"],"optionalArgs":["port","webchannel_port","host","rules","functions_emulator","seed_from_export"],"joinArgs":false} {"metadata":{"emulator":{"name":"firestore"},"message":"Starting Firestore Emulator with command {\"binary\":\"java\",\"args\":[\"-Duser.language=en\",\"-jar\",\"C:\\\\Users\\\\chris\\\\.cache\\\\firebase\\\\emulators\\\\cloud-firestore-emulator-v1.11.7.jar\",\"--host\",\"localhost\",\"--port\",8080,\"--rules\",\"D:\\\\Projects\\\\MaskRequired\\\\Source\\\\mask-required\\\\firestore.rules\",\"--functions_emulator\",\"localhost:5001\"],\"optionalArgs\":[\"port\",\"webchannel_port\",\"host\",\"rules\",\"functions_emulator\",\"seed_from_export\"],\"joinArgs\":false}"}}
[info] i  firestore: Firestore Emulator logging to firestore-debug.log {"metadata":{"emulator":{"name":"firestore"},"message":"Firestore Emulator logging to \u001b[1mfirestore-debug.log\u001b[22m"}}
[debug] [2020-09-26T17:59:20.797Z] API endpoint: http://localhost: {"metadata":{"emulator":{"name":"firestore"},"message":"API endpoint: http://localhost:"}}
[debug] [2020-09-26T17:59:20.797Z] 8080
If you are using a library that supports the FIRESTORE_EMULATOR_HOST environment variable, run:

   export FIRESTORE_EMULATOR_HOST=localhost:8080

Dev App Server is now running.

 {"metadata":{"emulator":{"name":"firestore"},"message":"8080\nIf you are using a library that supports the FIRESTORE_EMULATOR_HOST environment variable, run:\r\n\n   export FIRESTORE_EMULATOR_HOST=localhost:8080\n\nDev App Server is now running.\n\r\n"}}
[debug] [2020-09-26T17:59:25.245Z] Ignoring unsupported arg: auto_download {"metadata":{"emulator":{"name":"ui"},"message":"Ignoring unsupported arg: auto_download"}}
[debug] [2020-09-26T17:59:25.245Z] Ignoring unsupported arg: port {"metadata":{"emulator":{"name":"ui"},"message":"Ignoring unsupported arg: port"}}
[debug] [2020-09-26T17:59:25.246Z] Starting Emulator UI with command {"binary":"node","args":["C:\\Users\\chris\\.cache\\firebase\\emulators\\ui-v1.1.1\\server.bundle.js"],"optionalArgs":[],"joinArgs":false} {"metadata":{"emulator":{"name":"ui"},"message":"Starting Emulator UI with command {\"binary\":\"node\",\"args\":[\"C:\\\\Users\\\\chris\\\\.cache\\\\firebase\\\\emulators\\\\ui-v1.1.1\\\\server.bundle.js\"],\"optionalArgs\":[],\"joinArgs\":false}"}}
[info] i  ui: Emulator UI logging to ui-debug.log {"metadata":{"emulator":{"name":"ui"},"message":"Emulator UI logging to \u001b[1mui-debug.log\u001b[22m"}}
[debug] [2020-09-26T17:59:25.393Z] Web / API server started at http://localhost:4000
 {"metadata":{"emulator":{"name":"ui"},"message":"Web / API server started at http://localhost:4000\n"}}
[info] i  functions: Watching "D:\Projects\MaskRequired\Source\mask-required\functions" for Cloud Functions... {"metadata":{"emulator":{"name":"functions"},"message":"Watching \"D:\\Projects\\MaskRequired\\Source\\mask-required\\functions\" for Cloud Functions..."}}
[debug] [2020-09-26T17:59:25.831Z] [worker-pool] addWorker(~diagnostic~) {"metadata":{"emulator":{"name":"functions"},"message":"[worker-pool] addWorker(~diagnostic~)"}}
[debug] [2020-09-26T17:59:25.831Z] [worker-pool] Adding worker with key ~diagnostic~, total=1 {"metadata":{"emulator":{"name":"functions"},"message":"[worker-pool] Adding worker with key ~diagnostic~, total=1"}}
[debug] [2020-09-26T17:59:25.832Z] [worker-pool] submitWork(triggerId=) {"metadata":{"emulator":{"name":"functions"},"message":"[worker-pool] submitWork(triggerId=)"}}
[debug] [2020-09-26T17:59:25.832Z] [worker-~diagnostic~-635851f0-b1dc-48b6-97d6-42b601448dc4]: Assigning socketPath: \\?\pipe\D:\Projects\MaskRequired\Source\mask-required\functions\18580 {"metadata":{"emulator":{"name":"functions"},"message":"[worker-~diagnostic~-635851f0-b1dc-48b6-97d6-42b601448dc4]: Assigning socketPath: \\\\?\\pipe\\D:\\Projects\\MaskRequired\\Source\\mask-required\\functions\\18580"}}
[debug] [2020-09-26T17:59:25.832Z] [worker-~diagnostic~-635851f0-b1dc-48b6-97d6-42b601448dc4]: BUSY {"metadata":{"emulator":{"name":"functions"},"message":"[worker-~diagnostic~-635851f0-b1dc-48b6-97d6-42b601448dc4]: BUSY"}}
[debug] [2020-09-26T17:59:26.298Z] [runtime-status] [18580] Functions runtime initialized. {"cwd":"D:\\Projects\\MaskRequired\\Source\\mask-required\\functions","node_version":"12.16.1"} {"metadata":{"emulator":{"name":"functions"},"message":"[runtime-status] [18580] Functions runtime initialized. {\"cwd\":\"D:\\\\Projects\\\\MaskRequired\\\\Source\\\\mask-required\\\\functions\",\"node_version\":\"12.16.1\"}"}}
[debug] [2020-09-26T17:59:26.300Z] [runtime-status] [18580] Disabled runtime features: undefined {"metadata":{"emulator":{"name":"functions"},"message":"[runtime-status] [18580] Disabled runtime features: undefined"}}
[debug] [2020-09-26T17:59:26.306Z] [runtime-status] [18580] Resolved module firebase-admin {"declared":true,"installed":true,"version":"8.13.0","resolution":"D:\\Projects\\MaskRequired\\Source\\mask-required\\functions\\node_modules\\firebase-admin\\lib\\index.js"} {"metadata":{"emulator":{"name":"functions"},"message":"[runtime-status] [18580] Resolved module firebase-admin {\"declared\":true,\"installed\":true,\"version\":\"8.13.0\",\"resolution\":\"D:\\\\Projects\\\\MaskRequired\\\\Source\\\\mask-required\\\\functions\\\\node_modules\\\\firebase-admin\\\\lib\\\\index.js\"}"}}
[debug] [2020-09-26T17:59:26.308Z] [runtime-status] [18580] Resolved module firebase-functions {"declared":true,"installed":true,"version":"3.11.0","resolution":"D:\\Projects\\MaskRequired\\Source\\mask-required\\functions\\node_modules\\firebase-functions\\lib\\index.js"} {"metadata":{"emulator":{"name":"functions"},"message":"[runtime-status] [18580] Resolved module firebase-functions {\"declared\":true,\"installed\":true,\"version\":\"3.11.0\",\"resolution\":\"D:\\\\Projects\\\\MaskRequired\\\\Source\\\\mask-required\\\\functions\\\\node_modules\\\\firebase-functions\\\\lib\\\\index.js\"}"}}
[debug] [2020-09-26T17:59:26.309Z] [runtime-status] [18580] Resolved module firebase-functions {"declared":true,"installed":true,"version":"3.11.0","resolution":"D:\\Projects\\MaskRequired\\Source\\mask-required\\functions\\node_modules\\firebase-functions\\lib\\index.js"} {"metadata":{"emulator":{"name":"functions"},"message":"[runtime-status] [18580] Resolved module firebase-functions {\"declared\":true,\"installed\":true,\"version\":\"3.11.0\",\"resolution\":\"D:\\\\Projects\\\\MaskRequired\\\\Source\\\\mask-required\\\\functions\\\\node_modules\\\\firebase-functions\\\\lib\\\\index.js\"}"}}
[debug] [2020-09-26T17:59:26.311Z] [runtime-status] [18580] Outgoing network have been stubbed. [{"name":"http","status":"mocked"},{"name":"http","status":"mocked"},{"name":"https","status":"mocked"},{"name":"https","status":"mocked"},{"name":"net","status":"mocked"}] {"metadata":{"emulator":{"name":"functions"},"message":"[runtime-status] [18580] Outgoing network have been stubbed. [{\"name\":\"http\",\"status\":\"mocked\"},{\"name\":\"http\",\"status\":\"mocked\"},{\"name\":\"https\",\"status\":\"mocked\"},{\"name\":\"https\",\"status\":\"mocked\"},{\"name\":\"net\",\"status\":\"mocked\"}]"}}
[debug] [2020-09-26T17:59:26.312Z] [runtime-status] [18580] Resolved module firebase-functions {"declared":true,"installed":true,"version":"3.11.0","resolution":"D:\\Projects\\MaskRequired\\Source\\mask-required\\functions\\node_modules\\firebase-functions\\lib\\index.js"} {"metadata":{"emulator":{"name":"functions"},"message":"[runtime-status] [18580] Resolved module firebase-functions {\"declared\":true,\"installed\":true,\"version\":\"3.11.0\",\"resolution\":\"D:\\\\Projects\\\\MaskRequired\\\\Source\\\\mask-required\\\\functions\\\\node_modules\\\\firebase-functions\\\\lib\\\\index.js\"}"}}
[debug] [2020-09-26T17:59:26.362Z] [runtime-status] [18580] Checked functions.config() {"config":{}} {"metadata":{"emulator":{"name":"functions"},"message":"[runtime-status] [18580] Checked functions.config() {\"config\":{}}"}}
[debug] [2020-09-26T17:59:26.363Z] [runtime-status] [18580] firebase-functions has been stubbed. {"functionsResolution":{"declared":true,"installed":true,"version":"3.11.0","resolution":"D:\\Projects\\MaskRequired\\Source\\mask-required\\functions\\node_modules\\firebase-functions\\lib\\index.js"}} {"metadata":{"emulator":{"name":"functions"},"message":"[runtime-status] [18580] firebase-functions has been stubbed. {\"functionsResolution\":{\"declared\":true,\"installed\":true,\"version\":\"3.11.0\",\"resolution\":\"D:\\\\Projects\\\\MaskRequired\\\\Source\\\\mask-required\\\\functions\\\\node_modules\\\\firebase-functions\\\\lib\\\\index.js\"}}"}}
[debug] [2020-09-26T17:59:26.363Z] [runtime-status] [18580] Resolved module firebase-functions {"declared":true,"installed":true,"version":"3.11.0","resolution":"D:\\Projects\\MaskRequired\\Source\\mask-required\\functions\\node_modules\\firebase-functions\\lib\\index.js"} {"metadata":{"emulator":{"name":"functions"},"message":"[runtime-status] [18580] Resolved module firebase-functions {\"declared\":true,\"installed\":true,\"version\":\"3.11.0\",\"resolution\":\"D:\\\\Projects\\\\MaskRequired\\\\Source\\\\mask-required\\\\functions\\\\node_modules\\\\firebase-functions\\\\lib\\\\index.js\"}"}}
[debug] [2020-09-26T17:59:26.364Z] [runtime-status] [18580] Resolved module firebase-admin {"declared":true,"installed":true,"version":"8.13.0","resolution":"D:\\Projects\\MaskRequired\\Source\\mask-required\\functions\\node_modules\\firebase-admin\\lib\\index.js"} {"metadata":{"emulator":{"name":"functions"},"message":"[runtime-status] [18580] Resolved module firebase-admin {\"declared\":true,\"installed\":true,\"version\":\"8.13.0\",\"resolution\":\"D:\\\\Projects\\\\MaskRequired\\\\Source\\\\mask-required\\\\functions\\\\node_modules\\\\firebase-admin\\\\lib\\\\index.js\"}"}}
[debug] [2020-09-26T17:59:26.365Z] [runtime-status] [18580] Resolved module firebase-functions {"declared":true,"installed":true,"version":"3.11.0","resolution":"D:\\Projects\\MaskRequired\\Source\\mask-required\\functions\\node_modules\\firebase-functions\\lib\\index.js"} {"metadata":{"emulator":{"name":"functions"},"message":"[runtime-status] [18580] Resolved module firebase-functions {\"declared\":true,\"installed\":true,\"version\":\"3.11.0\",\"resolution\":\"D:\\\\Projects\\\\MaskRequired\\\\Source\\\\mask-required\\\\functions\\\\node_modules\\\\firebase-functions\\\\lib\\\\index.js\"}"}}
[debug] [2020-09-26T17:59:26.365Z] [runtime-status] [18580] firebase-admin has been stubbed. {"adminResolution":{"declared":true,"installed":true,"version":"8.13.0","resolution":"D:\\Projects\\MaskRequired\\Source\\mask-required\\functions\\node_modules\\firebase-admin\\lib\\index.js"}} {"metadata":{"emulator":{"name":"functions"},"message":"[runtime-status] [18580] firebase-admin has been stubbed. {\"adminResolution\":{\"declared\":true,\"installed\":true,\"version\":\"8.13.0\",\"resolution\":\"D:\\\\Projects\\\\MaskRequired\\\\Source\\\\mask-required\\\\functions\\\\node_modules\\\\firebase-admin\\\\lib\\\\index.js\"}}"}}
[info] 
┌───────────────────────────────────────────────────────────────────────┐
│ ✔  All emulators ready! View status and logs at http://localhost:4000 │
└───────────────────────────────────────────────────────────────────────┘

┌───────────┬────────────────┬─────────────────────────────────┐
│ Emulator  │ Host:Port      │ View in Emulator UI             │
├───────────┼────────────────┼─────────────────────────────────┤
│ Functions │ localhost:5001 │ http://localhost:4000/functions │
├───────────┼────────────────┼─────────────────────────────────┤
│ Firestore │ localhost:8080 │ http://localhost:4000/firestore │
└───────────┴────────────────┴─────────────────────────────────┘
  Other reserved ports: 4400, 4500

Issues? Report them at https://github.com/firebase/firebase-tools/issues and attach the *-debug.log files.
 
[debug] [2020-09-26T17:59:26.467Z] [worker-~diagnostic~-635851f0-b1dc-48b6-97d6-42b601448dc4]: IDLE {"metadata":{"emulator":{"name":"functions"},"message":"[worker-~diagnostic~-635851f0-b1dc-48b6-97d6-42b601448dc4]: IDLE"}}
